[2017-08-24 08:55:42.924] [INFO] http - cluster:1;    sid:-1;    ip:::1;    url:/vip/person;    method:GET;    queries:{};    body:{}
[2017-08-24 08:59:29.085] [INFO] http - cluster:1;    sid:-1;    ip:::1;    url:/vip/person;    method:GET;    queries:{};    body:{}
[2017-08-24 08:59:29.666] [INFO] http - cluster:1;    sid:-1;    ip:::1;    url:/vip/person;    method:GET;    queries:{};    body:{}
[2017-08-24 08:59:29.883] [INFO] http - cluster:1;    sid:-1;    ip:::1;    url:/vip/person;    method:GET;    queries:{};    body:{}
[2017-08-24 08:59:30.067] [INFO] http - cluster:1;    sid:-1;    ip:::1;    url:/vip/person;    method:GET;    queries:{};    body:{}
[2017-08-24 09:00:49.415] [INFO] http - cluster:1;    sid:-1;    ip:::1;    url:/vip/person;    method:GET;    queries:{};    body:{}
[2017-08-24 09:03:00.589] [INFO] http - cluster:1;    sid:-1;    ip:::1;    url:/vip/person;    method:GET;    queries:{};    body:{}
[2017-08-24 09:03:01.226] [INFO] http - cluster:1;    sid:-1;    ip:::1;    url:/vip/person;    method:GET;    queries:{};    body:{}
[2017-08-24 09:03:02.090] [INFO] http - cluster:1;    sid:-1;    ip:::1;    url:/vip/person;    method:GET;    queries:{};    body:{}
[2017-08-24 09:03:53.594] [INFO] http - cluster:1;    sid:-1;    ip:::1;    url:/vip/person;    method:GET;    queries:{};    body:{}
[2017-08-24 09:03:54.402] [INFO] http - cluster:1;    sid:-1;    ip:::1;    url:/vip/person;    method:GET;    queries:{};    body:{}
[2017-08-24 09:04:28.452] [INFO] http - cluster:1;    sid:-1;    ip:::1;    url:/vip;    method:GET;    queries:{};    body:{}
[2017-08-24 09:04:31.280] [INFO] http - cluster:1;    sid:-1;    ip:::1;    url:/;    method:GET;    queries:{};    body:{}
[2017-08-24 09:04:31.291] [INFO] http - cluster:1;    sid:-1;    ip:::1;    url:/home;    method:GET;    queries:{};    body:{}
[2017-08-24 09:04:31.418] [INFO] http - cluster:1;    sid:-1;    ip:::1;    url:/api/news/topF;    method:POST;    queries:{};    body:{"type":"10"}
[2017-08-24 09:04:31.421] [INFO] http - cluster:1;    sid:-1;    ip:::1;    url:/api/news/topF;    method:POST;    queries:{};    body:{"type":"20"}
[2017-08-24 09:04:31.422] [INFO] http - cluster:1;    sid:-1;    ip:::1;    url:/javascripts/swiper/js/maps/swiper.jquery.min.js.map;    method:GET;    queries:{};    body:{}
[2017-08-24 09:04:35.508] [INFO] http - cluster:1;    sid:-1;    ip:::1;    url:/newVip;    method:GET;    queries:{};    body:{}
[2017-08-24 09:04:35.623] [INFO] http - cluster:1;    sid:-1;    ip:::1;    url:/api/order/sum;    method:POST;    queries:{};    body:{}
[2017-08-24 09:04:35.651] [INFO] http - cluster:1;    sid:-1;    ip:::1;    url:/javascripts/swiper/js/maps/swiper.jquery.min.js.map;    method:GET;    queries:{};    body:{}
[2017-08-24 09:04:41.915] [INFO] http - cluster:1;    sid:-1;    ip:::1;    url:/vip/order;    method:GET;    queries:{};    body:{}
[2017-08-24 09:04:42.052] [INFO] http - cluster:1;    sid:-1;    ip:::1;    url:/api/order/newList;    method:POST;    queries:{};    body:{"orderState":"0","orderNum":"","deptCode":"","destCode":"","flightDate":"","offset":"0","limit":"20"}
[2017-08-24 09:04:42.070] [INFO] http - cluster:1;    sid:-1;    ip:::1;    url:/javascripts/swiper/js/maps/swiper.jquery.min.js.map;    method:GET;    queries:{};    body:{}
[2017-08-24 09:04:50.493] [INFO] http - cluster:1;    sid:-1;    ip:::1;    url:/vip/contact;    method:GET;    queries:{};    body:{}
[2017-08-24 09:04:50.587] [INFO] http - cluster:1;    sid:-1;    ip:::1;    url:/api/order/newList;    method:POST;    queries:{};    body:{"orderState":"0","deptCode":"","destCode":"","flightDate":"","offset":"0","limit":"20"}
[2017-08-24 09:04:50.614] [INFO] http - cluster:1;    sid:-1;    ip:::1;    url:/javascripts/swiper/js/maps/swiper.jquery.min.js.map;    method:GET;    queries:{};    body:{}
[2017-08-24 09:04:54.133] [INFO] http - cluster:1;    sid:-1;    ip:::1;    url:/vip/person;    method:GET;    queries:{};    body:{}
[2017-08-24 09:04:57.263] [INFO] http - cluster:1;    sid:-1;    ip:::1;    url:/api/order/newList;    method:POST;    queries:{};    body:{"orderState":"0","deptCode":"","destCode":"","flightDate":"","offset":"0","limit":"20"}
[2017-08-24 09:04:57.289] [INFO] http - cluster:1;    sid:-1;    ip:::1;    url:/javascripts/swiper/js/maps/swiper.jquery.min.js.map;    method:GET;    queries:{};    body:{}
[2017-08-24 09:05:46.102] [INFO] http - cluster:1;    sid:-1;    ip:::1;    url:/vip/person;    method:GET;    queries:{};    body:{}
[2017-08-24 09:06:42.564] [INFO] http - cluster:1;    sid:-1;    ip:::1;    url:/vip/person;    method:GET;    queries:{};    body:{}
[2017-08-24 09:07:52.540] [INFO] http - cluster:1;    sid:-1;    ip:::1;    url:/vip/person;    method:GET;    queries:{};    body:{}
[2017-08-24 09:07:53.443] [INFO] http - cluster:1;    sid:-1;    ip:::1;    url:/vip/person;    method:GET;    queries:{};    body:{}
[2017-08-24 09:07:53.496] [INFO] http - cluster:1;    sid:-1;    ip:::1;    url:/images/vip/card_.png;    method:GET;    queries:{};    body:{}
[2017-08-24 09:07:53.561] [INFO] http - cluster:1;    sid:-1;    ip:::1;    url:/api/order/sum;    method:POST;    queries:{};    body:{}
[2017-08-24 09:07:53.566] [INFO] http - cluster:1;    sid:-1;    ip:::1;    url:/javascripts/swiper/js/maps/swiper.jquery.min.js.map;    method:GET;    queries:{};    body:{}
[2017-08-24 09:08:04.579] [INFO] http - cluster:1;    sid:-1;    ip:::1;    url:/vip/staff;    method:GET;    queries:{};    body:{}
[2017-08-24 09:08:09.271] [INFO] http - cluster:1;    sid:-1;    ip:::1;    url:/api/order/sum;    method:POST;    queries:{};    body:{}
[2017-08-24 09:08:09.294] [INFO] http - cluster:1;    sid:-1;    ip:::1;    url:/javascripts/swiper/js/maps/swiper.jquery.min.js.map;    method:GET;    queries:{};    body:{}
[2017-08-24 09:08:23.235] [INFO] http - cluster:1;    sid:-1;    ip:::1;    url:/vip/staff;    method:GET;    queries:{};    body:{}
[2017-08-24 09:15:03.557] [INFO] http - cluster:1;    sid:-1;    ip:::1;    url:/vip/staff;    method:GET;    queries:{};    body:{}
[2017-08-24 09:16:15.661] [INFO] http - cluster:1;    sid:-1;    ip:::1;    url:/vip/staff;    method:GET;    queries:{};    body:{}
[2017-08-24 09:16:16.309] [INFO] http - cluster:1;    sid:-1;    ip:::1;    url:/vip/staff;    method:GET;    queries:{};    body:{}
[2017-08-24 09:16:16.829] [INFO] http - cluster:1;    sid:-1;    ip:::1;    url:/vip/staff;    method:GET;    queries:{};    body:{}
[2017-08-24 09:16:17.315] [INFO] http - cluster:1;    sid:-1;    ip:::1;    url:/vip/staff;    method:GET;    queries:{};    body:{}
[2017-08-24 09:16:17.771] [INFO] http - cluster:1;    sid:-1;    ip:::1;    url:/vip/staff;    method:GET;    queries:{};    body:{}
[2017-08-24 09:16:18.148] [INFO] http - cluster:1;    sid:-1;    ip:::1;    url:/vip/staff;    method:GET;    queries:{};    body:{}
[2017-08-24 09:16:18.331] [INFO] http - cluster:1;    sid:-1;    ip:::1;    url:/vip/staff;    method:GET;    queries:{};    body:{}
[2017-08-24 09:16:18.515] [INFO] http - cluster:1;    sid:-1;    ip:::1;    url:/vip/staff;    method:GET;    queries:{};    body:{}
[2017-08-24 09:16:18.709] [INFO] http - cluster:1;    sid:-1;    ip:::1;    url:/vip/staff;    method:GET;    queries:{};    body:{}
[2017-08-24 09:16:18.898] [INFO] http - cluster:1;    sid:-1;    ip:::1;    url:/vip/staff;    method:GET;    queries:{};    body:{}
[2017-08-24 09:16:19.077] [INFO] http - cluster:1;    sid:-1;    ip:::1;    url:/vip/staff;    method:GET;    queries:{};    body:{}
[2017-08-24 09:16:19.283] [INFO] http - cluster:1;    sid:-1;    ip:::1;    url:/vip/staff;    method:GET;    queries:{};    body:{}
[2017-08-24 09:20:19.662] [INFO] http - cluster:1;    sid:-1;    ip:::1;    url:/vip/staff;    method:GET;    queries:{};    body:{}
[2017-08-24 09:20:52.069] [INFO] http - cluster:1;    sid:-1;    ip:::1;    url:/vip/staff;    method:GET;    queries:{};    body:{}
[2017-08-24 09:23:24.982] [INFO] http - cluster:1;    sid:-1;    ip:::1;    url:/api/order/sum;    method:POST;    queries:{};    body:{}
[2017-08-24 09:23:24.988] [INFO] http - cluster:1;    sid:-1;    ip:::1;    url:/javascripts/swiper/js/maps/swiper.jquery.min.js.map;    method:GET;    queries:{};    body:{}
[2017-08-24 09:23:28.542] [INFO] http - cluster:1;    sid:-1;    ip:::1;    url:/vip/person;    method:GET;    queries:{};    body:{}
[2017-08-24 09:23:28.578] [INFO] http - cluster:1;    sid:-1;    ip:::1;    url:/images/vip/card_.png;    method:GET;    queries:{};    body:{}
[2017-08-24 09:23:28.622] [INFO] http - cluster:1;    sid:-1;    ip:::1;    url:/api/order/sum;    method:POST;    queries:{};    body:{}
[2017-08-24 09:23:28.647] [INFO] http - cluster:1;    sid:-1;    ip:::1;    url:/javascripts/swiper/js/maps/swiper.jquery.min.js.map;    method:GET;    queries:{};    body:{}
[2017-08-24 09:23:30.685] [INFO] http - cluster:1;    sid:-1;    ip:::1;    url:/vip/order;    method:GET;    queries:{};    body:{}
[2017-08-24 09:23:30.849] [INFO] http - cluster:1;    sid:-1;    ip:::1;    url:/api/order/newList;    method:POST;    queries:{};    body:{"orderState":"0","orderNum":"","deptCode":"","destCode":"","flightDate":"","offset":"0","limit":"20"}
[2017-08-24 09:23:30.855] [INFO] http - cluster:1;    sid:-1;    ip:::1;    url:/javascripts/swiper/js/maps/swiper.jquery.min.js.map;    method:GET;    queries:{};    body:{}
[2017-08-24 09:23:31.860] [INFO] http - cluster:1;    sid:-1;    ip:::1;    url:/vip/contact;    method:GET;    queries:{};    body:{}
[2017-08-24 09:23:31.955] [INFO] http - cluster:1;    sid:-1;    ip:::1;    url:/api/order/newList;    method:POST;    queries:{};    body:{"orderState":"0","deptCode":"","destCode":"","flightDate":"","offset":"0","limit":"20"}
[2017-08-24 09:23:31.984] [INFO] http - cluster:1;    sid:-1;    ip:::1;    url:/javascripts/swiper/js/maps/swiper.jquery.min.js.map;    method:GET;    queries:{};    body:{}
[2017-08-24 09:23:37.788] [INFO] http - cluster:1;    sid:-1;    ip:::1;    url:/vip/order;    method:GET;    queries:{};    body:{}
[2017-08-24 09:23:37.925] [INFO] http - cluster:1;    sid:-1;    ip:::1;    url:/api/order/newList;    method:POST;    queries:{};    body:{"orderState":"0","orderNum":"","deptCode":"","destCode":"","flightDate":"","offset":"0","limit":"20"}
[2017-08-24 09:23:37.945] [INFO] http - cluster:1;    sid:-1;    ip:::1;    url:/javascripts/swiper/js/maps/swiper.jquery.min.js.map;    method:GET;    queries:{};    body:{}
[2017-08-24 09:23:40.181] [INFO] http - cluster:1;    sid:-1;    ip:::1;    url:/vip/contact;    method:GET;    queries:{};    body:{}
[2017-08-24 09:23:40.273] [INFO] http - cluster:1;    sid:-1;    ip:::1;    url:/api/order/newList;    method:POST;    queries:{};    body:{"orderState":"0","deptCode":"","destCode":"","flightDate":"","offset":"0","limit":"20"}
[2017-08-24 09:23:40.299] [INFO] http - cluster:1;    sid:-1;    ip:::1;    url:/javascripts/swiper/js/maps/swiper.jquery.min.js.map;    method:GET;    queries:{};    body:{}
[2017-08-24 09:23:46.189] [INFO] http - cluster:1;    sid:-1;    ip:::1;    url:/vip/staff;    method:GET;    queries:{};    body:{}
[2017-08-24 09:26:11.353] [INFO] http - cluster:1;    sid:-1;    ip:::1;    url:/vip;    method:GET;    queries:{};    body:{}
[2017-08-24 09:26:49.142] [INFO] http - cluster:1;    sid:-1;    ip:::1;    url:/vip;    method:GET;    queries:{};    body:{}
[2017-08-24 09:26:49.733] [INFO] http - cluster:1;    sid:-1;    ip:::1;    url:/vip;    method:GET;    queries:{};    body:{}
[2017-08-24 09:26:50.308] [INFO] http - cluster:1;    sid:-1;    ip:::1;    url:/vip;    method:GET;    queries:{};    body:{}
[2017-08-24 09:26:50.812] [INFO] http - cluster:1;    sid:-1;    ip:::1;    url:/vip;    method:GET;    queries:{};    body:{}
[2017-08-24 09:26:51.309] [INFO] http - cluster:1;    sid:-1;    ip:::1;    url:/vip;    method:GET;    queries:{};    body:{}
[2017-08-24 09:26:51.782] [INFO] http - cluster:1;    sid:-1;    ip:::1;    url:/vip;    method:GET;    queries:{};    body:{}
[2017-08-24 09:26:52.549] [INFO] http - cluster:1;    sid:-1;    ip:::1;    url:/vip;    method:GET;    queries:{};    body:{}
[2017-08-24 09:26:53.197] [INFO] http - cluster:1;    sid:-1;    ip:::1;    url:/vip;    method:GET;    queries:{};    body:{}
[2017-08-24 09:26:53.653] [INFO] http - cluster:1;    sid:-1;    ip:::1;    url:/vip;    method:GET;    queries:{};    body:{}
[2017-08-24 09:26:53.853] [INFO] http - cluster:1;    sid:-1;    ip:::1;    url:/vip;    method:GET;    queries:{};    body:{}
[2017-08-24 09:28:43.897] [INFO] http - cluster:1;    sid:-1;    ip:::1;    url:/api/order/newList;    method:POST;    queries:{};    body:{"orderState":"0","deptCode":"","destCode":"","flightDate":"","offset":"0","limit":"20"}
[2017-08-24 09:28:43.925] [INFO] http - cluster:1;    sid:-1;    ip:::1;    url:/javascripts/swiper/js/maps/swiper.jquery.min.js.map;    method:GET;    queries:{};    body:{}
[2017-08-24 09:28:52.389] [INFO] http - cluster:1;    sid:-1;    ip:::1;    url:/vip/order;    method:GET;    queries:{};    body:{}
[2017-08-24 09:28:52.521] [INFO] http - cluster:1;    sid:-1;    ip:::1;    url:/api/order/newList;    method:POST;    queries:{};    body:{"orderState":"0","orderNum":"","deptCode":"","destCode":"","flightDate":"","offset":"0","limit":"20"}
[2017-08-24 09:28:52.539] [INFO] http - cluster:1;    sid:-1;    ip:::1;    url:/javascripts/swiper/js/maps/swiper.jquery.min.js.map;    method:GET;    queries:{};    body:{}
[2017-08-24 09:31:02.920] [INFO] http - cluster:1;    sid:-1;    ip:::1;    url:/vip/person;    method:GET;    queries:{};    body:{}
[2017-08-24 09:31:02.959] [INFO] http - cluster:1;    sid:-1;    ip:::1;    url:/images/vip/card_.png;    method:GET;    queries:{};    body:{}
[2017-08-24 09:31:03.005] [INFO] http - cluster:1;    sid:-1;    ip:::1;    url:/api/order/sum;    method:POST;    queries:{};    body:{}
[2017-08-24 09:31:03.050] [INFO] http - cluster:1;    sid:-1;    ip:::1;    url:/javascripts/swiper/js/maps/swiper.jquery.min.js.map;    method:GET;    queries:{};    body:{}
[2017-08-24 09:31:09.373] [INFO] http - cluster:1;    sid:-1;    ip:::1;    url:/vip/person;    method:GET;    queries:{};    body:{}
[2017-08-24 09:31:09.407] [INFO] http - cluster:1;    sid:-1;    ip:::1;    url:/images/vip/card_.png;    method:GET;    queries:{};    body:{}
[2017-08-24 09:31:09.454] [INFO] http - cluster:1;    sid:-1;    ip:::1;    url:/api/order/sum;    method:POST;    queries:{};    body:{}
[2017-08-24 09:31:09.486] [INFO] http - cluster:1;    sid:-1;    ip:::1;    url:/javascripts/swiper/js/maps/swiper.jquery.min.js.map;    method:GET;    queries:{};    body:{}
[2017-08-24 09:32:41.663] [INFO] http - cluster:1;    sid:-1;    ip:::1;    url:/vip/person;    method:GET;    queries:{};    body:{}
[2017-08-24 09:32:41.698] [INFO] http - cluster:1;    sid:-1;    ip:::1;    url:/images/vip/card_.png;    method:GET;    queries:{};    body:{}
[2017-08-24 09:32:41.742] [INFO] http - cluster:1;    sid:-1;    ip:::1;    url:/api/order/sum;    method:POST;    queries:{};    body:{}
[2017-08-24 09:32:41.767] [INFO] http - cluster:1;    sid:-1;    ip:::1;    url:/javascripts/swiper/js/maps/swiper.jquery.min.js.map;    method:GET;    queries:{};    body:{}
[2017-08-24 09:32:43.951] [INFO] http - cluster:1;    sid:-1;    ip:::1;    url:/vip/order;    method:GET;    queries:{};    body:{}
[2017-08-24 09:32:44.087] [INFO] http - cluster:1;    sid:-1;    ip:::1;    url:/api/order/newList;    method:POST;    queries:{};    body:{"orderState":"0","orderNum":"","deptCode":"","destCode":"","flightDate":"","offset":"0","limit":"20"}
[2017-08-24 09:32:44.104] [INFO] http - cluster:1;    sid:-1;    ip:::1;    url:/javascripts/swiper/js/maps/swiper.jquery.min.js.map;    method:GET;    queries:{};    body:{}
[2017-08-24 09:32:47.231] [INFO] http - cluster:1;    sid:-1;    ip:::1;    url:/vip/contact;    method:GET;    queries:{};    body:{}
[2017-08-24 09:32:47.324] [INFO] http - cluster:1;    sid:-1;    ip:::1;    url:/api/order/newList;    method:POST;    queries:{};    body:{"orderState":"0","deptCode":"","destCode":"","flightDate":"","offset":"0","limit":"20"}
[2017-08-24 09:32:47.352] [INFO] http - cluster:1;    sid:-1;    ip:::1;    url:/javascripts/swiper/js/maps/swiper.jquery.min.js.map;    method:GET;    queries:{};    body:{}
[2017-08-24 09:32:52.335] [INFO] http - cluster:1;    sid:-1;    ip:::1;    url:/vip/staff;    method:GET;    queries:{};    body:{}
[2017-08-24 09:33:05.142] [INFO] http - cluster:1;    sid:-1;    ip:::1;    url:/vip/staff;    method:GET;    queries:{};    body:{}
[2017-08-24 09:33:06.406] [INFO] http - cluster:1;    sid:-1;    ip:::1;    url:/vip/staff;    method:GET;    queries:{};    body:{}
[2017-08-24 09:33:09.949] [INFO] http - cluster:1;    sid:-1;    ip:::1;    url:/api/order/newList;    method:POST;    queries:{};    body:{"orderState":"0","deptCode":"","destCode":"","flightDate":"","offset":"0","limit":"20"}
[2017-08-24 09:33:09.978] [INFO] http - cluster:1;    sid:-1;    ip:::1;    url:/javascripts/swiper/js/maps/swiper.jquery.min.js.map;    method:GET;    queries:{};    body:{}
[2017-08-24 09:33:12.296] [INFO] http - cluster:1;    sid:-1;    ip:::1;    url:/vip/person;    method:GET;    queries:{};    body:{}
[2017-08-24 09:33:12.401] [INFO] http - cluster:1;    sid:-1;    ip:::1;    url:/images/vip/card_.png;    method:GET;    queries:{};    body:{}
[2017-08-24 09:33:12.442] [INFO] http - cluster:1;    sid:-1;    ip:::1;    url:/api/order/sum;    method:POST;    queries:{};    body:{}
[2017-08-24 09:33:12.467] [INFO] http - cluster:1;    sid:-1;    ip:::1;    url:/javascripts/swiper/js/maps/swiper.jquery.min.js.map;    method:GET;    queries:{};    body:{}
[2017-08-24 09:33:18.343] [INFO] http - cluster:1;    sid:-1;    ip:::1;    url:/vip/contact;    method:GET;    queries:{};    body:{}
[2017-08-24 09:33:18.436] [INFO] http - cluster:1;    sid:-1;    ip:::1;    url:/api/order/newList;    method:POST;    queries:{};    body:{"orderState":"0","deptCode":"","destCode":"","flightDate":"","offset":"0","limit":"20"}
[2017-08-24 09:33:18.464] [INFO] http - cluster:1;    sid:-1;    ip:::1;    url:/javascripts/swiper/js/maps/swiper.jquery.min.js.map;    method:GET;    queries:{};    body:{}
[2017-08-24 09:33:22.543] [INFO] http - cluster:1;    sid:-1;    ip:::1;    url:/vip/staff;    method:GET;    queries:{};    body:{}
[2017-08-24 09:33:27.804] [INFO] http - cluster:1;    sid:-1;    ip:::1;    url:/api/order/newList;    method:POST;    queries:{};    body:{"orderState":"0","deptCode":"","destCode":"","flightDate":"","offset":"0","limit":"20"}
[2017-08-24 09:33:27.831] [INFO] http - cluster:1;    sid:-1;    ip:::1;    url:/javascripts/swiper/js/maps/swiper.jquery.min.js.map;    method:GET;    queries:{};    body:{}
[2017-08-24 09:33:30.393] [INFO] http - cluster:1;    sid:-1;    ip:::1;    url:/vip/staff;    method:GET;    queries:{};    body:{}
[2017-08-24 09:35:51.759] [INFO] http - cluster:1;    sid:-1;    ip:::1;    url:/vip/staff;    method:GET;    queries:{};    body:{}
[2017-08-24 09:37:26.162] [INFO] http - cluster:1;    sid:-1;    ip:::1;    url:/vip/staff;    method:GET;    queries:{};    body:{}
[2017-08-24 09:37:26.255] [INFO] http - cluster:1;    sid:-1;    ip:::1;    url:/javascripts/staff/bundle.min.js;    method:GET;    queries:{};    body:{}
[2017-08-24 09:37:26.308] [INFO] http - cluster:1;    sid:-1;    ip:::1;    url:/javascripts/swiper/js/maps/swiper.jquery.min.js.map;    method:GET;    queries:{};    body:{}
[2017-08-24 09:38:40.151] [INFO] http - cluster:1;    sid:-1;    ip:::1;    url:/vip/staff;    method:GET;    queries:{};    body:{}
[2017-08-24 09:38:40.201] [INFO] http - cluster:1;    sid:-1;    ip:::1;    url:/javascripts/staff/bundle.min.js;    method:GET;    queries:{};    body:{}
[2017-08-24 09:38:40.246] [INFO] http - cluster:1;    sid:-1;    ip:::1;    url:/javascripts/swiper/js/maps/swiper.jquery.min.js.map;    method:GET;    queries:{};    body:{}
[2017-08-24 09:40:21.813] [INFO] http - cluster:1;    sid:-1;    ip:::1;    url:/vip/staff;    method:GET;    queries:{};    body:{}
[2017-08-24 09:40:21.857] [INFO] http - cluster:1;    sid:-1;    ip:::1;    url:/javascripts/staff/bundle.min.js;    method:GET;    queries:{};    body:{}
[2017-08-24 09:40:21.905] [INFO] http - cluster:1;    sid:-1;    ip:::1;    url:/javascripts/swiper/js/maps/swiper.jquery.min.js.map;    method:GET;    queries:{};    body:{}
[2017-08-24 09:40:22.406] [INFO] http - cluster:1;    sid:-1;    ip:::1;    url:/vip/staff;    method:GET;    queries:{};    body:{}
[2017-08-24 09:40:22.451] [INFO] http - cluster:1;    sid:-1;    ip:::1;    url:/javascripts/staff/bundle.min.js;    method:GET;    queries:{};    body:{}
[2017-08-24 09:40:22.500] [INFO] http - cluster:1;    sid:-1;    ip:::1;    url:/javascripts/swiper/js/maps/swiper.jquery.min.js.map;    method:GET;    queries:{};    body:{}
[2017-08-24 09:43:27.954] [INFO] http - cluster:1;    sid:-1;    ip:::1;    url:/vip/staff;    method:GET;    queries:{};    body:{}
[2017-08-24 09:43:28.021] [INFO] http - cluster:1;    sid:-1;    ip:::1;    url:/javascripts/staff/bundle.min.js;    method:GET;    queries:{};    body:{}
[2017-08-24 09:43:28.171] [INFO] http - cluster:1;    sid:-1;    ip:::1;    url:/javascripts/swiper/js/maps/swiper.jquery.min.js.map;    method:GET;    queries:{};    body:{}
[2017-08-24 09:43:29.769] [INFO] http - cluster:1;    sid:-1;    ip:::1;    url:/vip/staff;    method:GET;    queries:{};    body:{}
[2017-08-24 09:43:29.811] [INFO] http - cluster:1;    sid:-1;    ip:::1;    url:/javascripts/staff/bundle.min.js;    method:GET;    queries:{};    body:{}
[2017-08-24 09:43:29.859] [INFO] http - cluster:1;    sid:-1;    ip:::1;    url:/javascripts/swiper/js/maps/swiper.jquery.min.js.map;    method:GET;    queries:{};    body:{}
[2017-08-24 09:43:30.296] [INFO] http - cluster:1;    sid:-1;    ip:::1;    url:/vip/staff;    method:GET;    queries:{};    body:{}
[2017-08-24 09:43:30.336] [INFO] http - cluster:1;    sid:-1;    ip:::1;    url:/javascripts/staff/bundle.min.js;    method:GET;    queries:{};    body:{}
[2017-08-24 09:43:30.384] [INFO] http - cluster:1;    sid:-1;    ip:::1;    url:/javascripts/swiper/js/maps/swiper.jquery.min.js.map;    method:GET;    queries:{};    body:{}
[2017-08-24 09:43:30.511] [INFO] http - cluster:1;    sid:-1;    ip:::1;    url:/vip/staff;    method:GET;    queries:{};    body:{}
[2017-08-24 09:43:30.549] [INFO] http - cluster:1;    sid:-1;    ip:::1;    url:/javascripts/staff/bundle.min.js;    method:GET;    queries:{};    body:{}
[2017-08-24 09:43:30.597] [INFO] http - cluster:1;    sid:-1;    ip:::1;    url:/javascripts/swiper/js/maps/swiper.jquery.min.js.map;    method:GET;    queries:{};    body:{}
[2017-08-24 09:43:30.708] [INFO] http - cluster:1;    sid:-1;    ip:::1;    url:/vip/staff;    method:GET;    queries:{};    body:{}
[2017-08-24 09:43:30.750] [INFO] http - cluster:1;    sid:-1;    ip:::1;    url:/javascripts/staff/bundle.min.js;    method:GET;    queries:{};    body:{}
[2017-08-24 09:43:30.798] [INFO] http - cluster:1;    sid:-1;    ip:::1;    url:/javascripts/swiper/js/maps/swiper.jquery.min.js.map;    method:GET;    queries:{};    body:{}
[2017-08-24 09:43:30.869] [INFO] http - cluster:1;    sid:-1;    ip:::1;    url:/vip/staff;    method:GET;    queries:{};    body:{}
[2017-08-24 09:43:30.903] [INFO] http - cluster:1;    sid:-1;    ip:::1;    url:/javascripts/staff/bundle.min.js;    method:GET;    queries:{};    body:{}
[2017-08-24 09:43:30.956] [INFO] http - cluster:1;    sid:-1;    ip:::1;    url:/javascripts/swiper/js/maps/swiper.jquery.min.js.map;    method:GET;    queries:{};    body:{}
[2017-08-24 09:43:56.503] [INFO] http - cluster:1;    sid:-1;    ip:::1;    url:/vip/staff;    method:GET;    queries:{};    body:{}
[2017-08-24 09:43:56.545] [INFO] http - cluster:1;    sid:-1;    ip:::1;    url:/javascripts/staff/bundle.min.js;    method:GET;    queries:{};    body:{}
[2017-08-24 09:43:56.587] [INFO] http - cluster:1;    sid:-1;    ip:::1;    url:/javascripts/swiper/js/maps/swiper.jquery.min.js.map;    method:GET;    queries:{};    body:{}
[2017-08-24 09:43:57.160] [INFO] http - cluster:1;    sid:-1;    ip:::1;    url:/vip/staff;    method:GET;    queries:{};    body:{}
[2017-08-24 09:43:57.204] [INFO] http - cluster:1;    sid:-1;    ip:::1;    url:/javascripts/staff/bundle.min.js;    method:GET;    queries:{};    body:{}
[2017-08-24 09:43:57.249] [INFO] http - cluster:1;    sid:-1;    ip:::1;    url:/javascripts/swiper/js/maps/swiper.jquery.min.js.map;    method:GET;    queries:{};    body:{}
[2017-08-24 09:44:04.312] [INFO] http - cluster:1;    sid:-1;    ip:::1;    url:/vip/contact;    method:GET;    queries:{};    body:{}
[2017-08-24 09:44:04.426] [INFO] http - cluster:1;    sid:-1;    ip:::1;    url:/api/order/newList;    method:POST;    queries:{};    body:{"orderState":"0","deptCode":"","destCode":"","flightDate":"","offset":"0","limit":"20"}
[2017-08-24 09:44:04.447] [INFO] http - cluster:1;    sid:-1;    ip:::1;    url:/javascripts/swiper/js/maps/swiper.jquery.min.js.map;    method:GET;    queries:{};    body:{}
[2017-08-24 09:44:52.392] [INFO] http - cluster:1;    sid:-1;    ip:::1;    url:/vip/staff;    method:GET;    queries:{};    body:{}
[2017-08-24 09:44:52.427] [INFO] http - cluster:1;    sid:-1;    ip:::1;    url:/javascripts/staff/bundle.min.js;    method:GET;    queries:{};    body:{}
[2017-08-24 09:44:52.478] [INFO] http - cluster:1;    sid:-1;    ip:::1;    url:/javascripts/swiper/js/maps/swiper.jquery.min.js.map;    method:GET;    queries:{};    body:{}
[2017-08-24 09:47:09.584] [INFO] http - cluster:1;    sid:-1;    ip:::1;    url:/vip/staff;    method:GET;    queries:{};    body:{}
[2017-08-24 09:47:09.636] [INFO] http - cluster:1;    sid:-1;    ip:::1;    url:/javascripts/staff/bundle.min.js;    method:GET;    queries:{};    body:{}
[2017-08-24 09:47:09.682] [INFO] http - cluster:1;    sid:-1;    ip:::1;    url:/javascripts/swiper/js/maps/swiper.jquery.min.js.map;    method:GET;    queries:{};    body:{}
[2017-08-24 09:47:10.415] [INFO] http - cluster:1;    sid:-1;    ip:::1;    url:/vip/staff;    method:GET;    queries:{};    body:{}
[2017-08-24 09:47:10.455] [INFO] http - cluster:1;    sid:-1;    ip:::1;    url:/javascripts/staff/bundle.min.js;    method:GET;    queries:{};    body:{}
[2017-08-24 09:47:10.500] [INFO] http - cluster:1;    sid:-1;    ip:::1;    url:/javascripts/swiper/js/maps/swiper.jquery.min.js.map;    method:GET;    queries:{};    body:{}
[2017-08-24 09:47:45.904] [INFO] http - cluster:1;    sid:-1;    ip:::1;    url:/vip/staff;    method:GET;    queries:{};    body:{}
[2017-08-24 09:47:45.944] [INFO] http - cluster:1;    sid:-1;    ip:::1;    url:/javascripts/staff/bundle.min.js;    method:GET;    queries:{};    body:{}
[2017-08-24 09:47:45.988] [INFO] http - cluster:1;    sid:-1;    ip:::1;    url:/javascripts/swiper/js/maps/swiper.jquery.min.js.map;    method:GET;    queries:{};    body:{}
[2017-08-24 09:47:46.696] [INFO] http - cluster:1;    sid:-1;    ip:::1;    url:/vip/staff;    method:GET;    queries:{};    body:{}
[2017-08-24 09:47:46.738] [INFO] http - cluster:1;    sid:-1;    ip:::1;    url:/javascripts/staff/bundle.min.js;    method:GET;    queries:{};    body:{}
[2017-08-24 09:47:46.782] [INFO] http - cluster:1;    sid:-1;    ip:::1;    url:/javascripts/swiper/js/maps/swiper.jquery.min.js.map;    method:GET;    queries:{};    body:{}
[2017-08-24 09:48:57.136] [INFO] http - cluster:1;    sid:-1;    ip:::1;    url:/vip/staff;    method:GET;    queries:{};    body:{}
[2017-08-24 09:48:57.184] [INFO] http - cluster:1;    sid:-1;    ip:::1;    url:/javascripts/staff/bundle.min.js;    method:GET;    queries:{};    body:{}
[2017-08-24 09:48:57.228] [INFO] http - cluster:1;    sid:-1;    ip:::1;    url:/javascripts/swiper/js/maps/swiper.jquery.min.js.map;    method:GET;    queries:{};    body:{}
[2017-08-24 09:49:14.948] [INFO] http - cluster:1;    sid:-1;    ip:::1;    url:/vip/staff;    method:GET;    queries:{};    body:{}
[2017-08-24 09:49:14.988] [INFO] http - cluster:1;    sid:-1;    ip:::1;    url:/javascripts/staff/bundle.min.js;    method:GET;    queries:{};    body:{}
[2017-08-24 09:49:15.034] [INFO] http - cluster:1;    sid:-1;    ip:::1;    url:/javascripts/swiper/js/maps/swiper.jquery.min.js.map;    method:GET;    queries:{};    body:{}
[2017-08-24 09:49:23.271] [INFO] http - cluster:1;    sid:-1;    ip:::1;    url:/vip/staff;    method:GET;    queries:{};    body:{}
[2017-08-24 09:49:23.312] [INFO] http - cluster:1;    sid:-1;    ip:::1;    url:/javascripts/staff/bundle.min.js;    method:GET;    queries:{};    body:{}
[2017-08-24 09:49:23.367] [INFO] http - cluster:1;    sid:-1;    ip:::1;    url:/javascripts/swiper/js/maps/swiper.jquery.min.js.map;    method:GET;    queries:{};    body:{}
[2017-08-24 09:49:23.927] [INFO] http - cluster:1;    sid:-1;    ip:::1;    url:/vip/staff;    method:GET;    queries:{};    body:{}
[2017-08-24 09:49:23.965] [INFO] http - cluster:1;    sid:-1;    ip:::1;    url:/javascripts/staff/bundle.min.js;    method:GET;    queries:{};    body:{}
[2017-08-24 09:49:24.015] [INFO] http - cluster:1;    sid:-1;    ip:::1;    url:/javascripts/swiper/js/maps/swiper.jquery.min.js.map;    method:GET;    queries:{};    body:{}
[2017-08-24 09:49:31.918] [INFO] http - cluster:1;    sid:-1;    ip:::1;    url:/vip/staff;    method:GET;    queries:{};    body:{}
[2017-08-24 09:49:31.959] [INFO] http - cluster:1;    sid:-1;    ip:::1;    url:/javascripts/staff/bundle.min.js;    method:GET;    queries:{};    body:{}
[2017-08-24 09:49:32.014] [INFO] http - cluster:1;    sid:-1;    ip:::1;    url:/javascripts/swiper/js/maps/swiper.jquery.min.js.map;    method:GET;    queries:{};    body:{}
[2017-08-24 09:49:32.657] [INFO] http - cluster:1;    sid:-1;    ip:::1;    url:/vip/staff;    method:GET;    queries:{};    body:{}
[2017-08-24 09:49:32.695] [INFO] http - cluster:1;    sid:-1;    ip:::1;    url:/javascripts/staff/bundle.min.js;    method:GET;    queries:{};    body:{}
[2017-08-24 09:49:32.744] [INFO] http - cluster:1;    sid:-1;    ip:::1;    url:/javascripts/swiper/js/maps/swiper.jquery.min.js.map;    method:GET;    queries:{};    body:{}
[2017-08-24 09:50:12.591] [INFO] http - cluster:1;    sid:-1;    ip:::1;    url:/vip/staff;    method:GET;    queries:{};    body:{}
[2017-08-24 09:50:12.631] [INFO] http - cluster:1;    sid:-1;    ip:::1;    url:/javascripts/staff/bundle.min.js;    method:GET;    queries:{};    body:{}
[2017-08-24 09:50:12.735] [INFO] http - cluster:1;    sid:-1;    ip:::1;    url:/javascripts/swiper/js/maps/swiper.jquery.min.js.map;    method:GET;    queries:{};    body:{}
[2017-08-24 09:50:35.468] [INFO] http - cluster:1;    sid:-1;    ip:::1;    url:/vip/staff;    method:GET;    queries:{};    body:{}
[2017-08-24 09:50:35.508] [INFO] http - cluster:1;    sid:-1;    ip:::1;    url:/javascripts/staff/bundle.min.js;    method:GET;    queries:{};    body:{}
[2017-08-24 09:50:35.562] [INFO] http - cluster:1;    sid:-1;    ip:::1;    url:/javascripts/swiper/js/maps/swiper.jquery.min.js.map;    method:GET;    queries:{};    body:{}
[2017-08-24 09:54:09.183] [INFO] http - cluster:1;    sid:-1;    ip:::1;    url:/vip/staff;    method:GET;    queries:{};    body:{}
[2017-08-24 09:54:09.345] [INFO] http - cluster:1;    sid:-1;    ip:::1;    url:/javascripts/swiper/js/maps/swiper.jquery.min.js.map;    method:GET;    queries:{};    body:{}
[2017-08-24 09:54:09.368] [INFO] http - cluster:1;    sid:-1;    ip:::1;    url:/api/order/newList;    method:POST;    queries:{};    body:{"orderState":"0","deptCode":"","destCode":"","flightDate":"","offset":"0","limit":"20"}
[2017-08-24 09:55:23.066] [INFO] http - cluster:1;    sid:-1;    ip:::1;    url:/vip/contact;    method:GET;    queries:{};    body:{}
[2017-08-24 09:55:23.167] [INFO] http - cluster:1;    sid:-1;    ip:::1;    url:/api/order/newList;    method:POST;    queries:{};    body:{"orderState":"0","deptCode":"","destCode":"","flightDate":"","offset":"0","limit":"20"}
[2017-08-24 09:55:23.196] [INFO] http - cluster:1;    sid:-1;    ip:::1;    url:/javascripts/swiper/js/maps/swiper.jquery.min.js.map;    method:GET;    queries:{};    body:{}
[2017-08-24 10:07:32.326] [INFO] http - cluster:1;    sid:-1;    ip:::1;    url:/vip/contact;    method:GET;    queries:{};    body:{}
[2017-08-24 10:07:32.441] [INFO] http - cluster:1;    sid:-1;    ip:::1;    url:/javascripts/swiper/js/maps/swiper.jquery.min.js.map;    method:GET;    queries:{};    body:{}
[2017-08-24 10:25:17.732] [INFO] http - cluster:1;    sid:-1;    ip:::1;    url:/vip/person;    method:GET;    queries:{};    body:{}
[2017-08-24 10:25:17.784] [INFO] http - cluster:1;    sid:-1;    ip:::1;    url:/images/vip/card_.png;    method:GET;    queries:{};    body:{}
[2017-08-24 10:25:17.820] [INFO] http - cluster:1;    sid:-1;    ip:::1;    url:/api/order/sum;    method:POST;    queries:{};    body:{}
[2017-08-24 10:25:17.849] [INFO] http - cluster:1;    sid:-1;    ip:::1;    url:/javascripts/swiper/js/maps/swiper.jquery.min.js.map;    method:GET;    queries:{};    body:{}
[2017-08-24 10:25:22.341] [INFO] http - cluster:1;    sid:-1;    ip:::1;    url:/vip/order;    method:GET;    queries:{};    body:{}
[2017-08-24 10:25:22.480] [INFO] http - cluster:1;    sid:-1;    ip:::1;    url:/api/order/newList;    method:POST;    queries:{};    body:{"orderState":"0","orderNum":"","deptCode":"","destCode":"","flightDate":"","offset":"0","limit":"20"}
[2017-08-24 10:25:22.498] [INFO] http - cluster:1;    sid:-1;    ip:::1;    url:/javascripts/swiper/js/maps/swiper.jquery.min.js.map;    method:GET;    queries:{};    body:{}
[2017-08-24 10:25:24.109] [INFO] http - cluster:1;    sid:-1;    ip:::1;    url:/vip/contact;    method:GET;    queries:{};    body:{}
[2017-08-24 10:25:24.201] [INFO] http - cluster:1;    sid:-1;    ip:::1;    url:/javascripts/swiper/js/maps/swiper.jquery.min.js.map;    method:GET;    queries:{};    body:{}
[2017-08-24 10:26:06.678] [INFO] http - cluster:1;    sid:-1;    ip:::1;    url:/vip/staff;    method:GET;    queries:{};    body:{}
[2017-08-24 10:26:06.771] [INFO] http - cluster:1;    sid:-1;    ip:::1;    url:/api/order/newList;    method:POST;    queries:{};    body:{"orderState":"0","deptCode":"","destCode":"","flightDate":"","offset":"0","limit":"20"}
[2017-08-24 10:26:06.797] [INFO] http - cluster:1;    sid:-1;    ip:::1;    url:/javascripts/swiper/js/maps/swiper.jquery.min.js.map;    method:GET;    queries:{};    body:{}
[2017-08-24 10:26:09.702] [INFO] http - cluster:1;    sid:-1;    ip:::1;    url:/vip/order;    method:GET;    queries:{};    body:{}
[2017-08-24 10:26:09.849] [INFO] http - cluster:1;    sid:-1;    ip:::1;    url:/api/order/newList;    method:POST;    queries:{};    body:{"orderState":"0","orderNum":"","deptCode":"","destCode":"","flightDate":"","offset":"0","limit":"20"}
[2017-08-24 10:26:09.866] [INFO] http - cluster:1;    sid:-1;    ip:::1;    url:/javascripts/swiper/js/maps/swiper.jquery.min.js.map;    method:GET;    queries:{};    body:{}
[2017-08-24 10:26:10.494] [INFO] http - cluster:1;    sid:-1;    ip:::1;    url:/vip/contact;    method:GET;    queries:{};    body:{}
[2017-08-24 10:26:10.585] [INFO] http - cluster:1;    sid:-1;    ip:::1;    url:/javascripts/swiper/js/maps/swiper.jquery.min.js.map;    method:GET;    queries:{};    body:{}
[2017-08-24 10:41:46.475] [INFO] http - cluster:1;    sid:-1;    ip:::1;    url:/vip/contact;    method:GET;    queries:{};    body:{}
[2017-08-24 10:41:46.635] [INFO] http - cluster:1;    sid:-1;    ip:::1;    url:/javascripts/swiper/js/maps/swiper.jquery.min.js.map;    method:GET;    queries:{};    body:{}
[2017-08-24 10:42:40.645] [INFO] http - cluster:1;    sid:-1;    ip:::1;    url:/vip/contact;    method:GET;    queries:{};    body:{}
[2017-08-24 10:42:40.772] [INFO] http - cluster:1;    sid:-1;    ip:::1;    url:/javascripts/swiper/js/maps/swiper.jquery.min.js.map;    method:GET;    queries:{};    body:{}
[2017-08-24 10:42:40.842] [INFO] http - cluster:1;    sid:-1;    ip:::1;    url:/api/order/commonConList;    method:POST;    queries:{};    body:{"orderState":"0","deptCode":"","destCode":"","flightDate":"","offset":"0","limit":"20"}
[2017-08-24 10:42:44.502] [INFO] http - cluster:1;    sid:-1;    ip:::1;    url:/vip/contact;    method:GET;    queries:{};    body:{}
[2017-08-24 10:42:44.597] [INFO] http - cluster:1;    sid:-1;    ip:::1;    url:/api/order/commonConList;    method:POST;    queries:{};    body:{"orderState":"0","deptCode":"","destCode":"","flightDate":"","offset":"0","limit":"20"}
[2017-08-24 10:42:44.622] [INFO] http - cluster:1;    sid:-1;    ip:::1;    url:/javascripts/swiper/js/maps/swiper.jquery.min.js.map;    method:GET;    queries:{};    body:{}
[2017-08-24 10:42:45.597] [INFO] http - cluster:1;    sid:-1;    ip:::1;    url:/vip/contact;    method:GET;    queries:{};    body:{}
[2017-08-24 10:42:45.684] [INFO] http - cluster:1;    sid:-1;    ip:::1;    url:/api/order/commonConList;    method:POST;    queries:{};    body:{"orderState":"0","deptCode":"","destCode":"","flightDate":"","offset":"0","limit":"20"}
[2017-08-24 10:42:45.714] [INFO] http - cluster:1;    sid:-1;    ip:::1;    url:/javascripts/swiper/js/maps/swiper.jquery.min.js.map;    method:GET;    queries:{};    body:{}
[2017-08-24 10:42:49.543] [INFO] http - cluster:1;    sid:-1;    ip:::1;    url:/vip/contact;    method:GET;    queries:{};    body:{}
[2017-08-24 10:42:49.630] [INFO] http - cluster:1;    sid:-1;    ip:::1;    url:/api/order/commonConList;    method:POST;    queries:{};    body:{"orderState":"0","deptCode":"","destCode":"","flightDate":"","offset":"0","limit":"20"}
[2017-08-24 10:42:49.655] [INFO] http - cluster:1;    sid:-1;    ip:::1;    url:/javascripts/swiper/js/maps/swiper.jquery.min.js.map;    method:GET;    queries:{};    body:{}
[2017-08-24 11:01:11.147] [INFO] http - cluster:1;    sid:-1;    ip:::1;    url:/vip/contact;    method:GET;    queries:{};    body:{}
[2017-08-24 11:01:11.274] [INFO] http - cluster:1;    sid:-1;    ip:::1;    url:/javascripts/swiper/js/maps/swiper.jquery.min.js.map;    method:GET;    queries:{};    body:{}
[2017-08-24 11:01:11.280] [INFO] http - cluster:1;    sid:-1;    ip:::1;    url:/api/order/commonConList;    method:POST;    queries:{};    body:{"contactType":"99","companyName":"","contactPerson":"","contactTel":"","offset":"0","limit":"20"}
[2017-08-24 11:01:11.969] [INFO] http - cluster:1;    sid:-1;    ip:::1;    url:/vip/contact;    method:GET;    queries:{};    body:{}
[2017-08-24 11:01:12.062] [INFO] http - cluster:1;    sid:-1;    ip:::1;    url:/javascripts/swiper/js/maps/swiper.jquery.min.js.map;    method:GET;    queries:{};    body:{}
[2017-08-24 11:01:12.065] [INFO] http - cluster:1;    sid:-1;    ip:::1;    url:/api/order/commonConList;    method:POST;    queries:{};    body:{"contactType":"99","companyName":"","contactPerson":"","contactTel":"","offset":"0","limit":"20"}
[2017-08-24 11:01:12.743] [INFO] http - cluster:1;    sid:-1;    ip:::1;    url:/vip/contact;    method:GET;    queries:{};    body:{}
[2017-08-24 11:01:12.840] [INFO] http - cluster:1;    sid:-1;    ip:::1;    url:/javascripts/swiper/js/maps/swiper.jquery.min.js.map;    method:GET;    queries:{};    body:{}
[2017-08-24 11:01:12.843] [INFO] http - cluster:1;    sid:-1;    ip:::1;    url:/api/order/commonConList;    method:POST;    queries:{};    body:{"contactType":"99","companyName":"","contactPerson":"","contactTel":"","offset":"0","limit":"20"}
[2017-08-24 11:02:42.899] [INFO] http - cluster:1;    sid:-1;    ip:::1;    url:/vip/contact;    method:GET;    queries:{};    body:{}
[2017-08-24 11:02:42.999] [INFO] http - cluster:1;    sid:-1;    ip:::1;    url:/javascripts/swiper/js/maps/swiper.jquery.min.js.map;    method:GET;    queries:{};    body:{}
[2017-08-24 11:02:43.005] [INFO] http - cluster:1;    sid:-1;    ip:::1;    url:/api/order/commonConList;    method:POST;    queries:{};    body:{"contactType":"99","companyName":"","contactPerson":"","contactTel":"","offset":"0","limit":"20"}
[2017-08-24 11:02:45.265] [INFO] http - cluster:1;    sid:-1;    ip:::1;    url:/vip/contact;    method:GET;    queries:{};    body:{}
[2017-08-24 11:02:45.365] [INFO] http - cluster:1;    sid:-1;    ip:::1;    url:/javascripts/swiper/js/maps/swiper.jquery.min.js.map;    method:GET;    queries:{};    body:{}
[2017-08-24 11:02:45.368] [INFO] http - cluster:1;    sid:-1;    ip:::1;    url:/api/order/commonConList;    method:POST;    queries:{};    body:{"contactType":"99","companyName":"","contactPerson":"","contactTel":"","offset":"0","limit":"20"}
[2017-08-24 11:02:47.137] [INFO] http - cluster:1;    sid:-1;    ip:::1;    url:/vip/contact;    method:GET;    queries:{};    body:{}
[2017-08-24 11:02:47.227] [INFO] http - cluster:1;    sid:-1;    ip:::1;    url:/javascripts/swiper/js/maps/swiper.jquery.min.js.map;    method:GET;    queries:{};    body:{}
[2017-08-24 11:02:47.231] [INFO] http - cluster:1;    sid:-1;    ip:::1;    url:/api/order/commonConList;    method:POST;    queries:{};    body:{"contactType":"99","companyName":"","contactPerson":"","contactTel":"","offset":"0","limit":"20"}
[2017-08-24 11:06:10.361] [INFO] http - cluster:1;    sid:-1;    ip:::1;    url:/vip/contact;    method:GET;    queries:{};    body:{}
[2017-08-24 11:06:10.512] [INFO] http - cluster:1;    sid:-1;    ip:::1;    url:/javascripts/swiper/js/maps/swiper.jquery.min.js.map;    method:GET;    queries:{};    body:{}
[2017-08-24 11:06:10.540] [INFO] http - cluster:1;    sid:-1;    ip:::1;    url:/api/order/commonConList;    method:POST;    queries:{};    body:{"contactType":"99","companyName":"","contactPerson":"","contactTel":"","offset":"0","limit":"20"}
[2017-08-24 11:07:31.723] [INFO] http - cluster:1;    sid:-1;    ip:::1;    url:/vip/contact;    method:GET;    queries:{};    body:{}
[2017-08-24 11:07:31.819] [INFO] http - cluster:1;    sid:-1;    ip:::1;    url:/javascripts/swiper/js/maps/swiper.jquery.min.js.map;    method:GET;    queries:{};    body:{}
[2017-08-24 11:07:31.826] [INFO] http - cluster:1;    sid:-1;    ip:::1;    url:/api/order/commonConList;    method:POST;    queries:{};    body:{"contactType":"99","companyName":"","contactPerson":"","contactTel":"","offset":"0","limit":"20"}
[2017-08-24 11:07:37.882] [INFO] http - cluster:1;    sid:-1;    ip:::1;    url:/api/order/commonConList;    method:POST;    queries:{};    body:{"contactType":"99","companyName":"","contactPerson":"","contactTel":"","offset":"0","limit":"20"}
[2017-08-24 11:07:44.680] [INFO] http - cluster:1;    sid:-1;    ip:::1;    url:/api/order/commonConList;    method:POST;    queries:{};    body:{"contactType":"99","companyName":"","contactPerson":"","contactTel":"","offset":"0","limit":"20"}
[2017-08-24 11:07:48.387] [INFO] http - cluster:1;    sid:-1;    ip:::1;    url:/api/order/commonConList;    method:POST;    queries:{};    body:{"contactType":"99","companyName":"","contactPerson":"","contactTel":"","offset":"0","limit":"20"}
[2017-08-24 11:11:57.251] [INFO] http - cluster:1;    sid:-1;    ip:::1;    url:/vip/contact?offset=0&tp=receiver;    method:GET;    queries:{"offset":"0","tp":"receiver"};    body:{}
[2017-08-24 11:11:57.359] [INFO] http - cluster:1;    sid:-1;    ip:::1;    url:/api/order/commonConList;    method:POST;    queries:{};    body:{"contactType":"99","companyName":"","contactPerson":"","contactTel":"","offset":"0","limit":"20"}
[2017-08-24 11:11:57.389] [INFO] http - cluster:1;    sid:-1;    ip:::1;    url:/javascripts/swiper/js/maps/swiper.jquery.min.js.map;    method:GET;    queries:{};    body:{}
[2017-08-24 11:12:03.442] [INFO] http - cluster:1;    sid:-1;    ip:::1;    url:/api/order/commonConList;    method:POST;    queries:{};    body:{"contactType":"99","companyName":"","contactPerson":"","contactTel":"","offset":"0","limit":"20"}
[2017-08-24 11:12:57.042] [INFO] http - cluster:1;    sid:-1;    ip:::1;    url:/vip/contact?offset=0&tp=%E6%94%B6%E8%B4%A7%E4%BA%BA%3Cem%20class=%22dp-n%20icon-dagou1%20iconfont%22%3E%3C/em%3E;    method:GET;    queries:{"offset":"0","tp":"收货人<em class=\"dp-n icon-dagou1 iconfont\"></em>"};    body:{}
[2017-08-24 11:12:57.142] [INFO] http - cluster:1;    sid:-1;    ip:::1;    url:/api/order/commonConList;    method:POST;    queries:{};    body:{"contactType":"99","companyName":"","contactPerson":"","contactTel":"","offset":"0","limit":"20"}
[2017-08-24 11:12:57.171] [INFO] http - cluster:1;    sid:-1;    ip:::1;    url:/javascripts/swiper/js/maps/swiper.jquery.min.js.map;    method:GET;    queries:{};    body:{}
[2017-08-24 11:12:57.865] [INFO] http - cluster:1;    sid:-1;    ip:::1;    url:/vip/contact?offset=0&tp=%E6%94%B6%E8%B4%A7%E4%BA%BA%3Cem%20class=%22dp-n%20icon-dagou1%20iconfont%22%3E%3C/em%3E;    method:GET;    queries:{"offset":"0","tp":"收货人<em class=\"dp-n icon-dagou1 iconfont\"></em>"};    body:{}
[2017-08-24 11:12:57.958] [INFO] http - cluster:1;    sid:-1;    ip:::1;    url:/api/order/commonConList;    method:POST;    queries:{};    body:{"contactType":"99","companyName":"","contactPerson":"","contactTel":"","offset":"0","limit":"20"}
[2017-08-24 11:12:57.983] [INFO] http - cluster:1;    sid:-1;    ip:::1;    url:/javascripts/swiper/js/maps/swiper.jquery.min.js.map;    method:GET;    queries:{};    body:{}
[2017-08-24 11:12:58.098] [INFO] http - cluster:1;    sid:-1;    ip:::1;    url:/vip/contact?offset=0&tp=%E6%94%B6%E8%B4%A7%E4%BA%BA%3Cem%20class=%22dp-n%20icon-dagou1%20iconfont%22%3E%3C/em%3E;    method:GET;    queries:{"offset":"0","tp":"收货人<em class=\"dp-n icon-dagou1 iconfont\"></em>"};    body:{}
[2017-08-24 11:12:58.187] [INFO] http - cluster:1;    sid:-1;    ip:::1;    url:/api/order/commonConList;    method:POST;    queries:{};    body:{"contactType":"99","companyName":"","contactPerson":"","contactTel":"","offset":"0","limit":"20"}
[2017-08-24 11:12:58.269] [INFO] http - cluster:1;    sid:-1;    ip:::1;    url:/javascripts/swiper/js/maps/swiper.jquery.min.js.map;    method:GET;    queries:{};    body:{}
[2017-08-24 11:12:59.706] [INFO] http - cluster:1;    sid:-1;    ip:::1;    url:/api/order/commonConList;    method:POST;    queries:{};    body:{"contactType":"99","companyName":"","contactPerson":"","contactTel":"","offset":"0","limit":"20"}
[2017-08-24 11:13:01.721] [INFO] http - cluster:1;    sid:-1;    ip:::1;    url:/vip/contact?offset=0&tp=%E5%85%A8%E9%83%A8;    method:GET;    queries:{"offset":"0","tp":"全部"};    body:{}
[2017-08-24 11:13:01.810] [INFO] http - cluster:1;    sid:-1;    ip:::1;    url:/api/order/commonConList;    method:POST;    queries:{};    body:{"contactType":"99","companyName":"","contactPerson":"","contactTel":"","offset":"0","limit":"20"}
[2017-08-24 11:13:01.836] [INFO] http - cluster:1;    sid:-1;    ip:::1;    url:/javascripts/swiper/js/maps/swiper.jquery.min.js.map;    method:GET;    queries:{};    body:{}
[2017-08-24 11:13:06.497] [INFO] http - cluster:1;    sid:-1;    ip:::1;    url:/vip/contact?offset=0&tp=%E5%85%A8%E9%83%A8;    method:GET;    queries:{"offset":"0","tp":"全部"};    body:{}
[2017-08-24 11:13:06.587] [INFO] http - cluster:1;    sid:-1;    ip:::1;    url:/api/order/commonConList;    method:POST;    queries:{};    body:{"contactType":"99","companyName":"","contactPerson":"","contactTel":"","offset":"0","limit":"20"}
[2017-08-24 11:13:06.615] [INFO] http - cluster:1;    sid:-1;    ip:::1;    url:/javascripts/swiper/js/maps/swiper.jquery.min.js.map;    method:GET;    queries:{};    body:{}
[2017-08-24 11:13:08.363] [INFO] http - cluster:1;    sid:-1;    ip:::1;    url:/api/order/commonConList;    method:POST;    queries:{};    body:{"contactType":"99","companyName":"","contactPerson":"","contactTel":"","offset":"0","limit":"20"}
[2017-08-24 11:13:09.345] [INFO] http - cluster:1;    sid:-1;    ip:::1;    url:/api/order/commonConList;    method:POST;    queries:{};    body:{"contactType":"99","companyName":"","contactPerson":"","contactTel":"","offset":"0","limit":"20"}
[2017-08-24 11:13:10.153] [INFO] http - cluster:1;    sid:-1;    ip:::1;    url:/api/order/commonConList;    method:POST;    queries:{};    body:{"contactType":"99","companyName":"","contactPerson":"","contactTel":"","offset":"0","limit":"20"}
[2017-08-24 11:13:11.432] [INFO] http - cluster:1;    sid:-1;    ip:::1;    url:/api/order/commonConList;    method:POST;    queries:{};    body:{"contactType":"99","companyName":"","contactPerson":"","contactTel":"","offset":"0","limit":"20"}
[2017-08-24 11:13:58.273] [INFO] http - cluster:1;    sid:-1;    ip:::1;    url:/vip/contact?offset=0&tp=%E5%85%A8%E9%83%A8;    method:GET;    queries:{"offset":"0","tp":"全部"};    body:{}
[2017-08-24 11:13:58.361] [INFO] http - cluster:1;    sid:-1;    ip:::1;    url:/api/order/commonConList;    method:POST;    queries:{};    body:{"contactType":"99","companyName":"","contactPerson":"","contactTel":"","offset":"0","limit":"20"}
[2017-08-24 11:13:58.387] [INFO] http - cluster:1;    sid:-1;    ip:::1;    url:/javascripts/swiper/js/maps/swiper.jquery.min.js.map;    method:GET;    queries:{};    body:{}
[2017-08-24 11:13:59.136] [INFO] http - cluster:1;    sid:-1;    ip:::1;    url:/vip/contact?offset=0&tp=%E5%85%A8%E9%83%A8;    method:GET;    queries:{"offset":"0","tp":"全部"};    body:{}
[2017-08-24 11:13:59.222] [INFO] http - cluster:1;    sid:-1;    ip:::1;    url:/api/order/commonConList;    method:POST;    queries:{};    body:{"contactType":"99","companyName":"","contactPerson":"","contactTel":"","offset":"0","limit":"20"}
[2017-08-24 11:13:59.247] [INFO] http - cluster:1;    sid:-1;    ip:::1;    url:/javascripts/swiper/js/maps/swiper.jquery.min.js.map;    method:GET;    queries:{};    body:{}
[2017-08-24 11:13:59.625] [INFO] http - cluster:1;    sid:-1;    ip:::1;    url:/vip/contact?offset=0&tp=%E5%85%A8%E9%83%A8;    method:GET;    queries:{"offset":"0","tp":"全部"};    body:{}
[2017-08-24 11:13:59.711] [INFO] http - cluster:1;    sid:-1;    ip:::1;    url:/api/order/commonConList;    method:POST;    queries:{};    body:{"contactType":"99","companyName":"","contactPerson":"","contactTel":"","offset":"0","limit":"20"}
[2017-08-24 11:13:59.736] [INFO] http - cluster:1;    sid:-1;    ip:::1;    url:/javascripts/swiper/js/maps/swiper.jquery.min.js.map;    method:GET;    queries:{};    body:{}
[2017-08-24 11:14:05.731] [INFO] http - cluster:1;    sid:-1;    ip:::1;    url:/api/order/commonConList;    method:POST;    queries:{};    body:{"contactType":"99","companyName":"","contactPerson":"","contactTel":"","offset":"0","limit":"20"}
[2017-08-24 11:14:08.761] [INFO] http - cluster:1;    sid:-1;    ip:::1;    url:/api/order/commonConList;    method:POST;    queries:{};    body:{"contactType":"99","companyName":"","contactPerson":"","contactTel":"","offset":"0","limit":"20"}
[2017-08-24 11:14:13.521] [INFO] http - cluster:1;    sid:-1;    ip:::1;    url:/api/order/commonConList;    method:POST;    queries:{};    body:{"contactType":"99","companyName":"","contactPerson":"","contactTel":"","offset":"0","limit":"20"}
[2017-08-24 11:14:56.689] [INFO] http - cluster:1;    sid:-1;    ip:::1;    url:/vip/contact?offset=0&tp=%E5%8F%91%E8%B4%A7%E4%BA%BA;    method:GET;    queries:{"offset":"0","tp":"发货人"};    body:{}
[2017-08-24 11:14:56.783] [INFO] http - cluster:1;    sid:-1;    ip:::1;    url:/api/order/commonConList;    method:POST;    queries:{};    body:{"contactType":"2","companyName":"","contactPerson":"","contactTel":"","offset":"0","limit":"20"}
[2017-08-24 11:14:56.807] [INFO] http - cluster:1;    sid:-1;    ip:::1;    url:/javascripts/swiper/js/maps/swiper.jquery.min.js.map;    method:GET;    queries:{};    body:{}
[2017-08-24 11:15:04.001] [INFO] http - cluster:1;    sid:-1;    ip:::1;    url:/api/order/commonConList;    method:POST;    queries:{};    body:{"contactType":"99","companyName":"","contactPerson":"","contactTel":"","offset":"0","limit":"20"}
[2017-08-24 11:15:06.584] [INFO] http - cluster:1;    sid:-1;    ip:::1;    url:/api/order/commonConList;    method:POST;    queries:{};    body:{"contactType":"1","companyName":"","contactPerson":"","contactTel":"","offset":"0","limit":"20"}
[2017-08-24 11:15:08.240] [INFO] http - cluster:1;    sid:-1;    ip:::1;    url:/api/order/commonConList;    method:POST;    queries:{};    body:{"contactType":"2","companyName":"","contactPerson":"","contactTel":"","offset":"0","limit":"20"}
[2017-08-24 11:16:22.514] [INFO] http - cluster:1;    sid:-1;    ip:::1;    url:/vip/contact?offset=0&tp=%E5%8F%91%E8%B4%A7%E4%BA%BA;    method:GET;    queries:{"offset":"0","tp":"发货人"};    body:{}
[2017-08-24 11:16:22.599] [INFO] http - cluster:1;    sid:-1;    ip:::1;    url:/api/order/commonConList;    method:POST;    queries:{};    body:{"contactType":"2","companyName":"","contactPerson":"","contactTel":"","offset":"0","limit":"20"}
[2017-08-24 11:16:22.627] [INFO] http - cluster:1;    sid:-1;    ip:::1;    url:/javascripts/swiper/js/maps/swiper.jquery.min.js.map;    method:GET;    queries:{};    body:{}
[2017-08-24 11:16:23.400] [INFO] http - cluster:1;    sid:-1;    ip:::1;    url:/vip/contact?offset=0&tp=%E5%8F%91%E8%B4%A7%E4%BA%BA;    method:GET;    queries:{"offset":"0","tp":"发货人"};    body:{}
[2017-08-24 11:16:23.480] [INFO] http - cluster:1;    sid:-1;    ip:::1;    url:/api/order/commonConList;    method:POST;    queries:{};    body:{"contactType":"2","companyName":"","contactPerson":"","contactTel":"","offset":"0","limit":"20"}
[2017-08-24 11:16:23.505] [INFO] http - cluster:1;    sid:-1;    ip:::1;    url:/javascripts/swiper/js/maps/swiper.jquery.min.js.map;    method:GET;    queries:{};    body:{}
[2017-08-24 11:16:32.371] [INFO] http - cluster:1;    sid:-1;    ip:::1;    url:/api/order/commonConList;    method:POST;    queries:{};    body:{"contactType":"99","companyName":"","contactPerson":"","contactTel":"","offset":"0","limit":"20"}
[2017-08-24 11:17:41.881] [INFO] http - cluster:1;    sid:-1;    ip:::1;    url:/vip/contact?offset=0&tp=[object%20Object];    method:GET;    queries:{"offset":"0","tp":"[object Object]"};    body:{}
[2017-08-24 11:17:41.971] [INFO] http - cluster:1;    sid:-1;    ip:::1;    url:/api/order/commonConList;    method:POST;    queries:{};    body:{"contactType":"0","companyName":"","contactPerson":"","contactTel":"","offset":"0","limit":"20"}
[2017-08-24 11:17:41.999] [INFO] http - cluster:1;    sid:-1;    ip:::1;    url:/javascripts/swiper/js/maps/swiper.jquery.min.js.map;    method:GET;    queries:{};    body:{}
[2017-08-24 11:17:43.266] [INFO] http - cluster:1;    sid:-1;    ip:::1;    url:/vip/contact?offset=0&tp=[object%20Object];    method:GET;    queries:{"offset":"0","tp":"[object Object]"};    body:{}
[2017-08-24 11:17:43.348] [INFO] http - cluster:1;    sid:-1;    ip:::1;    url:/api/order/commonConList;    method:POST;    queries:{};    body:{"contactType":"0","companyName":"","contactPerson":"","contactTel":"","offset":"0","limit":"20"}
[2017-08-24 11:17:43.371] [INFO] http - cluster:1;    sid:-1;    ip:::1;    url:/javascripts/swiper/js/maps/swiper.jquery.min.js.map;    method:GET;    queries:{};    body:{}
[2017-08-24 11:18:21.032] [INFO] http - cluster:1;    sid:-1;    ip:::1;    url:/vip/contact?offset=0&tp=[object%20Object];    method:GET;    queries:{"offset":"0","tp":"[object Object]"};    body:{}
[2017-08-24 11:18:21.115] [INFO] http - cluster:1;    sid:-1;    ip:::1;    url:/api/order/commonConList;    method:POST;    queries:{};    body:{"contactType":"99","companyName":"","contactPerson":"","contactTel":"","offset":"0","limit":"20"}
[2017-08-24 11:18:21.143] [INFO] http - cluster:1;    sid:-1;    ip:::1;    url:/javascripts/swiper/js/maps/swiper.jquery.min.js.map;    method:GET;    queries:{};    body:{}
[2017-08-24 11:18:31.824] [INFO] http - cluster:1;    sid:-1;    ip:::1;    url:/api/order/commonConList;    method:POST;    queries:{};    body:{"contactType":"99","companyName":"","contactPerson":"","contactTel":"","offset":"0","limit":"20"}
[2017-08-24 11:18:36.376] [INFO] http - cluster:1;    sid:-1;    ip:::1;    url:/api/order/commonConList;    method:POST;    queries:{};    body:{"contactType":"1","companyName":"","contactPerson":"","contactTel":"","offset":"0","limit":"20"}
[2017-08-24 11:18:40.796] [INFO] http - cluster:1;    sid:-1;    ip:::1;    url:/api/order/commonConList;    method:POST;    queries:{};    body:{"contactType":"2","companyName":"","contactPerson":"","contactTel":"","offset":"0","limit":"20"}
[2017-08-24 11:18:49.793] [INFO] http - cluster:1;    sid:-1;    ip:::1;    url:/api/order/commonConList;    method:POST;    queries:{};    body:{"contactType":"99","companyName":"","contactPerson":"","contactTel":"","offset":"0","limit":"20"}
[2017-08-24 11:18:51.137] [INFO] http - cluster:1;    sid:-1;    ip:::1;    url:/vip/contact?offset=0&tp=%E5%85%A8%E9%83%A8;    method:GET;    queries:{"offset":"0","tp":"全部"};    body:{}
[2017-08-24 11:18:51.226] [INFO] http - cluster:1;    sid:-1;    ip:::1;    url:/api/order/commonConList;    method:POST;    queries:{};    body:{"contactType":"99","companyName":"","contactPerson":"","contactTel":"","offset":"0","limit":"20"}
[2017-08-24 11:18:51.252] [INFO] http - cluster:1;    sid:-1;    ip:::1;    url:/javascripts/swiper/js/maps/swiper.jquery.min.js.map;    method:GET;    queries:{};    body:{}
[2017-08-24 11:21:35.467] [INFO] http - cluster:1;    sid:-1;    ip:::1;    url:/vip/contact?offset=0&tp=%E5%85%A8%E9%83%A8;    method:GET;    queries:{"offset":"0","tp":"全部"};    body:{}
[2017-08-24 11:21:35.586] [INFO] http - cluster:1;    sid:-1;    ip:::1;    url:/javascripts/swiper/js/maps/swiper.jquery.min.js.map;    method:GET;    queries:{};    body:{}
[2017-08-24 11:21:35.629] [INFO] http - cluster:1;    sid:-1;    ip:::1;    url:/api/order/commonConList;    method:POST;    queries:{};    body:{"contactType":"99","companyName":"","contactPerson":"","contactTel":"","offset":"0","limit":"20"}
[2017-08-24 11:21:36.177] [INFO] http - cluster:1;    sid:-1;    ip:::1;    url:/vip/contact?offset=0&tp=%E5%85%A8%E9%83%A8;    method:GET;    queries:{"offset":"0","tp":"全部"};    body:{}
[2017-08-24 11:21:36.273] [INFO] http - cluster:1;    sid:-1;    ip:::1;    url:/api/order/commonConList;    method:POST;    queries:{};    body:{"contactType":"99","companyName":"","contactPerson":"","contactTel":"","offset":"0","limit":"20"}
[2017-08-24 11:21:36.299] [INFO] http - cluster:1;    sid:-1;    ip:::1;    url:/javascripts/swiper/js/maps/swiper.jquery.min.js.map;    method:GET;    queries:{};    body:{}
[2017-08-24 11:25:35.295] [INFO] http - cluster:1;    sid:-1;    ip:::1;    url:/vip/contact?offset=0&tp=%E5%85%A8%E9%83%A8;    method:GET;    queries:{"offset":"0","tp":"全部"};    body:{}
[2017-08-24 11:25:35.391] [INFO] http - cluster:1;    sid:-1;    ip:::1;    url:/api/order/commonConList;    method:POST;    queries:{};    body:{"contactType":"99","companyName":"","contactPerson":"","contactTel":"","offset":"0","limit":"20"}
[2017-08-24 11:25:35.415] [INFO] http - cluster:1;    sid:-1;    ip:::1;    url:/javascripts/swiper/js/maps/swiper.jquery.min.js.map;    method:GET;    queries:{};    body:{}
[2017-08-24 11:26:37.659] [INFO] http - cluster:1;    sid:-1;    ip:::1;    url:/vip/contact?offset=0&tp=%E5%85%A8%E9%83%A8;    method:GET;    queries:{"offset":"0","tp":"全部"};    body:{}
[2017-08-24 11:26:37.755] [INFO] http - cluster:1;    sid:-1;    ip:::1;    url:/api/order/commonConList;    method:POST;    queries:{};    body:{"contactType":"99","companyName":"","contactPerson":"","contactTel":"","offset":"0","limit":"20"}
[2017-08-24 11:26:37.778] [INFO] http - cluster:1;    sid:-1;    ip:::1;    url:/javascripts/swiper/js/maps/swiper.jquery.min.js.map;    method:GET;    queries:{};    body:{}
[2017-08-24 11:26:39.274] [INFO] http - cluster:1;    sid:-1;    ip:::1;    url:/vip/contact?offset=0&tp=%E5%85%A8%E9%83%A8;    method:GET;    queries:{"offset":"0","tp":"全部"};    body:{}
[2017-08-24 11:26:39.368] [INFO] http - cluster:1;    sid:-1;    ip:::1;    url:/api/order/commonConList;    method:POST;    queries:{};    body:{"contactType":"99","companyName":"","contactPerson":"","contactTel":"","offset":"0","limit":"20"}
[2017-08-24 11:26:39.396] [INFO] http - cluster:1;    sid:-1;    ip:::1;    url:/javascripts/swiper/js/maps/swiper.jquery.min.js.map;    method:GET;    queries:{};    body:{}
[2017-08-24 11:26:55.605] [INFO] http - cluster:1;    sid:-1;    ip:::1;    url:/vip/contact?offset=0&tp=%E5%85%A8%E9%83%A8;    method:GET;    queries:{"offset":"0","tp":"全部"};    body:{}
[2017-08-24 11:26:55.693] [INFO] http - cluster:1;    sid:-1;    ip:::1;    url:/api/order/commonConList;    method:POST;    queries:{};    body:{"contactType":"99","companyName":"","contactPerson":"","contactTel":"","offset":"0","limit":"20"}
[2017-08-24 11:26:55.718] [INFO] http - cluster:1;    sid:-1;    ip:::1;    url:/javascripts/swiper/js/maps/swiper.jquery.min.js.map;    method:GET;    queries:{};    body:{}
[2017-08-24 11:27:05.725] [INFO] http - cluster:1;    sid:-1;    ip:::1;    url:/vip/contact?offset=0&tp=%E5%85%A8%E9%83%A8;    method:GET;    queries:{"offset":"0","tp":"全部"};    body:{}
[2017-08-24 11:27:05.811] [INFO] http - cluster:1;    sid:-1;    ip:::1;    url:/api/order/commonConList;    method:POST;    queries:{};    body:{"contactType":"99","companyName":"","contactPerson":"","contactTel":"","offset":"0","limit":"20"}
[2017-08-24 11:27:05.836] [INFO] http - cluster:1;    sid:-1;    ip:::1;    url:/javascripts/swiper/js/maps/swiper.jquery.min.js.map;    method:GET;    queries:{};    body:{}
[2017-08-24 11:27:08.835] [INFO] http - cluster:1;    sid:-1;    ip:::1;    url:/vip/contact?offset=0&tp=%E5%85%A8%E9%83%A8;    method:GET;    queries:{"offset":"0","tp":"全部"};    body:{}
[2017-08-24 11:27:08.922] [INFO] http - cluster:1;    sid:-1;    ip:::1;    url:/api/order/commonConList;    method:POST;    queries:{};    body:{"contactType":"99","companyName":"","contactPerson":"","contactTel":"","offset":"0","limit":"20"}
[2017-08-24 11:27:08.958] [INFO] http - cluster:1;    sid:-1;    ip:::1;    url:/javascripts/swiper/js/maps/swiper.jquery.min.js.map;    method:GET;    queries:{};    body:{}
[2017-08-24 11:27:09.841] [INFO] http - cluster:1;    sid:-1;    ip:::1;    url:/vip/contact?offset=0&tp=%E5%85%A8%E9%83%A8;    method:GET;    queries:{"offset":"0","tp":"全部"};    body:{}
[2017-08-24 11:27:09.923] [INFO] http - cluster:1;    sid:-1;    ip:::1;    url:/api/order/commonConList;    method:POST;    queries:{};    body:{"contactType":"99","companyName":"","contactPerson":"","contactTel":"","offset":"0","limit":"20"}
[2017-08-24 11:27:09.949] [INFO] http - cluster:1;    sid:-1;    ip:::1;    url:/javascripts/swiper/js/maps/swiper.jquery.min.js.map;    method:GET;    queries:{};    body:{}
[2017-08-24 11:27:35.865] [INFO] http - cluster:1;    sid:-1;    ip:::1;    url:/vip/contact?offset=0&tp=%E5%85%A8%E9%83%A8;    method:GET;    queries:{"offset":"0","tp":"全部"};    body:{}
[2017-08-24 11:27:36.085] [INFO] http - cluster:1;    sid:-1;    ip:::1;    url:/api/order/commonConList;    method:POST;    queries:{};    body:{"contactType":"99","companyName":"","contactPerson":"","contactTel":"","offset":"0","limit":"20"}
[2017-08-24 11:27:36.104] [INFO] http - cluster:1;    sid:-1;    ip:::1;    url:/javascripts/swiper/js/maps/swiper.jquery.min.js.map;    method:GET;    queries:{};    body:{}
[2017-08-24 11:28:25.741] [INFO] http - cluster:1;    sid:-1;    ip:::1;    url:/api/order/commonConList;    method:POST;    queries:{};    body:{"contactType":"1","companyName":"","contactPerson":"","contactTel":"","offset":"0","limit":"20"}
[2017-08-24 11:28:33.888] [INFO] http - cluster:1;    sid:-1;    ip:::1;    url:/vip/contact?offset=0&tp=%E6%94%B6%E8%B4%A7%E4%BA%BA;    method:GET;    queries:{"offset":"0","tp":"收货人"};    body:{}
[2017-08-24 11:28:34.015] [INFO] http - cluster:1;    sid:-1;    ip:::1;    url:/javascripts/swiper/js/maps/swiper.jquery.min.js.map;    method:GET;    queries:{};    body:{}
[2017-08-24 11:28:34.053] [INFO] http - cluster:1;    sid:-1;    ip:::1;    url:/api/order/commonConList;    method:POST;    queries:{};    body:{"contactType":"1","companyName":"","contactPerson":"","contactTel":"","offset":"0","limit":"20"}
[2017-08-24 11:29:24.128] [INFO] http - cluster:1;    sid:-1;    ip:::1;    url:/vip/contact?offset=0&tp=%E6%94%B6%E8%B4%A7%E4%BA%BA;    method:GET;    queries:{"offset":"0","tp":"收货人"};    body:{}
[2017-08-24 11:29:24.235] [INFO] http - cluster:1;    sid:-1;    ip:::1;    url:/javascripts/swiper/js/maps/swiper.jquery.min.js.map;    method:GET;    queries:{};    body:{}
[2017-08-24 11:29:24.294] [INFO] http - cluster:1;    sid:-1;    ip:::1;    url:/api/order/commonConList;    method:POST;    queries:{};    body:{"contactType":"1","companyName":"","contactPerson":"","contactTel":"","offset":"0","limit":"20"}
[2017-08-24 11:29:27.603] [INFO] http - cluster:1;    sid:-1;    ip:::1;    url:/vip/contact?offset=0&tp=%E6%94%B6%E8%B4%A7%E4%BA%BA;    method:GET;    queries:{"offset":"0","tp":"收货人"};    body:{}
[2017-08-24 11:29:27.692] [INFO] http - cluster:1;    sid:-1;    ip:::1;    url:/api/order/commonConList;    method:POST;    queries:{};    body:{"contactType":"1","companyName":"","contactPerson":"","contactTel":"","offset":"0","limit":"20"}
[2017-08-24 11:29:27.718] [INFO] http - cluster:1;    sid:-1;    ip:::1;    url:/javascripts/swiper/js/maps/swiper.jquery.min.js.map;    method:GET;    queries:{};    body:{}
[2017-08-24 11:29:40.985] [INFO] http - cluster:1;    sid:-1;    ip:::1;    url:/vip/contact?offset=0&tp=%E6%94%B6%E8%B4%A7%E4%BA%BA;    method:GET;    queries:{"offset":"0","tp":"收货人"};    body:{}
[2017-08-24 11:29:41.139] [INFO] http - cluster:1;    sid:-1;    ip:::1;    url:/api/order/commonConList;    method:POST;    queries:{};    body:{"contactType":"1","companyName":"","contactPerson":"","contactTel":"","offset":"0","limit":"20"}
[2017-08-24 11:29:41.147] [INFO] http - cluster:1;    sid:-1;    ip:::1;    url:/javascripts/swiper/js/maps/swiper.jquery.min.js.map;    method:GET;    queries:{};    body:{}
[2017-08-24 11:30:02.002] [INFO] http - cluster:1;    sid:-1;    ip:::1;    url:/vip/contact?offset=0&tp=%E6%94%B6%E8%B4%A7%E4%BA%BA;    method:GET;    queries:{"offset":"0","tp":"收货人"};    body:{}
[2017-08-24 11:30:02.166] [INFO] http - cluster:1;    sid:-1;    ip:::1;    url:/api/order/commonConList;    method:POST;    queries:{};    body:{"contactType":"1","companyName":"","contactPerson":"","contactTel":"","offset":"0","limit":"20"}
[2017-08-24 11:30:02.177] [INFO] http - cluster:1;    sid:-1;    ip:::1;    url:/javascripts/swiper/js/maps/swiper.jquery.min.js.map;    method:GET;    queries:{};    body:{}
[2017-08-24 11:31:07.068] [INFO] http - cluster:1;    sid:-1;    ip:::1;    url:/vip/staff;    method:GET;    queries:{};    body:{}
[2017-08-24 11:31:07.159] [INFO] http - cluster:1;    sid:-1;    ip:::1;    url:/api/order/newList;    method:POST;    queries:{};    body:{"orderState":"0","deptCode":"","destCode":"","flightDate":"","offset":"0","limit":"20"}
[2017-08-24 11:31:07.187] [INFO] http - cluster:1;    sid:-1;    ip:::1;    url:/javascripts/swiper/js/maps/swiper.jquery.min.js.map;    method:GET;    queries:{};    body:{}
